<?xml version="1.0" encoding="UTF-8"?>
<testsuite name="com.mindex.challenge.service.impl.CompensationServiceImplTest" tests="1" skipped="0" failures="0" errors="0" timestamp="2021-12-09T03:41:07" hostname="MSI" time="0.641">
  <properties/>
  <testcase name="testCompensationCreateRead" classname="com.mindex.challenge.service.impl.CompensationServiceImplTest" time="0.641"/>
  <system-out><![CDATA[22:41:03.004 [Test worker] DEBUG org.springframework.test.context.junit4.SpringJUnit4ClassRunner - SpringJUnit4ClassRunner constructor called with [class com.mindex.challenge.service.impl.CompensationServiceImplTest]
22:41:03.013 [Test worker] DEBUG org.springframework.test.context.BootstrapUtils - Instantiating CacheAwareContextLoaderDelegate from class [org.springframework.test.context.cache.DefaultCacheAwareContextLoaderDelegate]
22:41:03.023 [Test worker] DEBUG org.springframework.test.context.BootstrapUtils - Instantiating BootstrapContext using constructor [public org.springframework.test.context.support.DefaultBootstrapContext(java.lang.Class,org.springframework.test.context.CacheAwareContextLoaderDelegate)]
22:41:03.058 [Test worker] DEBUG org.springframework.test.context.BootstrapUtils - Instantiating TestContextBootstrapper for test class [com.mindex.challenge.service.impl.CompensationServiceImplTest] from class [org.springframework.boot.test.context.SpringBootTestContextBootstrapper]
22:41:03.077 [Test worker] INFO org.springframework.boot.test.context.SpringBootTestContextBootstrapper - Neither @ContextConfiguration nor @ContextHierarchy found for test class [com.mindex.challenge.service.impl.CompensationServiceImplTest], using SpringBootContextLoader
22:41:03.081 [Test worker] DEBUG org.springframework.test.context.support.AbstractContextLoader - Did not detect default resource location for test class [com.mindex.challenge.service.impl.CompensationServiceImplTest]: class path resource [com/mindex/challenge/service/impl/CompensationServiceImplTest-context.xml] does not exist
22:41:03.082 [Test worker] DEBUG org.springframework.test.context.support.AbstractContextLoader - Did not detect default resource location for test class [com.mindex.challenge.service.impl.CompensationServiceImplTest]: class path resource [com/mindex/challenge/service/impl/CompensationServiceImplTestContext.groovy] does not exist
22:41:03.082 [Test worker] INFO org.springframework.test.context.support.AbstractContextLoader - Could not detect default resource locations for test class [com.mindex.challenge.service.impl.CompensationServiceImplTest]: no resource found for suffixes {-context.xml, Context.groovy}.
22:41:03.084 [Test worker] INFO org.springframework.test.context.support.AnnotationConfigContextLoaderUtils - Could not detect default configuration classes for test class [com.mindex.challenge.service.impl.CompensationServiceImplTest]: CompensationServiceImplTest does not declare any static, non-private, non-final, nested classes annotated with @Configuration.
22:41:03.139 [Test worker] DEBUG org.springframework.test.context.support.ActiveProfilesUtils - Could not find an 'annotation declaring class' for annotation type [org.springframework.test.context.ActiveProfiles] and class [com.mindex.challenge.service.impl.CompensationServiceImplTest]
22:41:03.238 [Test worker] DEBUG org.springframework.context.annotation.ClassPathScanningCandidateComponentProvider - Identified candidate component class: file [C:\Users\jacob\Desktop\mindex-java-code-challenge\build\classes\java\main\com\mindex\challenge\ChallengeApplication.class]
22:41:03.241 [Test worker] INFO org.springframework.boot.test.context.SpringBootTestContextBootstrapper - Found @SpringBootConfiguration com.mindex.challenge.ChallengeApplication for test class com.mindex.challenge.service.impl.CompensationServiceImplTest
22:41:03.343 [Test worker] DEBUG org.springframework.boot.test.context.SpringBootTestContextBootstrapper - @TestExecutionListeners is not present for class [com.mindex.challenge.service.impl.CompensationServiceImplTest]: using defaults.
22:41:03.344 [Test worker] INFO org.springframework.boot.test.context.SpringBootTestContextBootstrapper - Loaded default TestExecutionListener class names from location [META-INF/spring.factories]: [org.springframework.boot.test.autoconfigure.restdocs.RestDocsTestExecutionListener, org.springframework.boot.test.autoconfigure.web.client.MockRestServiceServerResetTestExecutionListener, org.springframework.boot.test.autoconfigure.web.servlet.MockMvcPrintOnlyOnFailureTestExecutionListener, org.springframework.boot.test.autoconfigure.web.servlet.WebDriverTestExecutionListener, org.springframework.boot.test.mock.mockito.MockitoTestExecutionListener, org.springframework.boot.test.mock.mockito.ResetMocksTestExecutionListener, org.springframework.test.context.web.ServletTestExecutionListener, org.springframework.test.context.support.DirtiesContextBeforeModesTestExecutionListener, org.springframework.test.context.support.DependencyInjectionTestExecutionListener, org.springframework.test.context.support.DirtiesContextTestExecutionListener, org.springframework.test.context.transaction.TransactionalTestExecutionListener, org.springframework.test.context.jdbc.SqlScriptsTestExecutionListener, org.springframework.test.context.event.EventPublishingTestExecutionListener]
22:41:03.365 [Test worker] INFO org.springframework.boot.test.context.SpringBootTestContextBootstrapper - Using TestExecutionListeners: [org.springframework.test.context.web.ServletTestExecutionListener@5c983693, org.springframework.test.context.support.DirtiesContextBeforeModesTestExecutionListener@3a8a29b, org.springframework.boot.test.mock.mockito.MockitoTestExecutionListener@29759099, org.springframework.boot.test.autoconfigure.SpringBootDependencyInjectionTestExecutionListener@36b64f26, org.springframework.test.context.support.DirtiesContextTestExecutionListener@2b87cbcd, org.springframework.test.context.transaction.TransactionalTestExecutionListener@6d7d085c, org.springframework.test.context.jdbc.SqlScriptsTestExecutionListener@6809ac32, org.springframework.test.context.event.EventPublishingTestExecutionListener@6c42016a, org.springframework.boot.test.autoconfigure.restdocs.RestDocsTestExecutionListener@798e768c, org.springframework.boot.test.autoconfigure.web.client.MockRestServiceServerResetTestExecutionListener@7c34ae09, org.springframework.boot.test.autoconfigure.web.servlet.MockMvcPrintOnlyOnFailureTestExecutionListener@59f9e581, org.springframework.boot.test.autoconfigure.web.servlet.WebDriverTestExecutionListener@25ccf685, org.springframework.boot.test.mock.mockito.ResetMocksTestExecutionListener@2ffcdea6]
22:41:03.371 [Test worker] DEBUG org.springframework.test.annotation.ProfileValueUtils - Retrieved @ProfileValueSourceConfiguration [null] for test class [com.mindex.challenge.service.impl.CompensationServiceImplTest]
22:41:03.372 [Test worker] DEBUG org.springframework.test.annotation.ProfileValueUtils - Retrieved ProfileValueSource type [class org.springframework.test.annotation.SystemProfileValueSource] for class [com.mindex.challenge.service.impl.CompensationServiceImplTest]
22:41:03.374 [Test worker] DEBUG org.springframework.test.annotation.ProfileValueUtils - Retrieved @ProfileValueSourceConfiguration [null] for test class [com.mindex.challenge.service.impl.CompensationServiceImplTest]
22:41:03.374 [Test worker] DEBUG org.springframework.test.annotation.ProfileValueUtils - Retrieved ProfileValueSource type [class org.springframework.test.annotation.SystemProfileValueSource] for class [com.mindex.challenge.service.impl.CompensationServiceImplTest]
22:41:03.375 [Test worker] DEBUG org.springframework.test.annotation.ProfileValueUtils - Retrieved @ProfileValueSourceConfiguration [null] for test class [com.mindex.challenge.service.impl.CompensationServiceImplTest]
22:41:03.375 [Test worker] DEBUG org.springframework.test.annotation.ProfileValueUtils - Retrieved ProfileValueSource type [class org.springframework.test.annotation.SystemProfileValueSource] for class [com.mindex.challenge.service.impl.CompensationServiceImplTest]
22:41:03.378 [Test worker] DEBUG org.springframework.test.context.support.AbstractDirtiesContextTestExecutionListener - Before test class: context [DefaultTestContext@10cc51a3 testClass = CompensationServiceImplTest, testInstance = [null], testMethod = [null], testException = [null], mergedContextConfiguration = [WebMergedContextConfiguration@295b3829 testClass = CompensationServiceImplTest, locations = '{}', classes = '{class com.mindex.challenge.ChallengeApplication}', contextInitializerClasses = '[]', activeProfiles = '{}', propertySourceLocations = '{}', propertySourceProperties = '{org.springframework.boot.test.context.SpringBootTestContextBootstrapper=true, server.port=0}', contextCustomizers = set[org.springframework.boot.test.autoconfigure.properties.PropertyMappingContextCustomizer@0, org.springframework.boot.test.autoconfigure.web.servlet.WebDriverContextCustomizerFactory$Customizer@4d508843, org.springframework.boot.test.context.filter.ExcludeFilterContextCustomizer@79b760f, org.springframework.boot.test.json.DuplicateJsonObjectContextCustomizerFactory$DuplicateJsonObjectContextCustomizer@1da30099, org.springframework.boot.test.mock.mockito.MockitoContextCustomizer@0, org.springframework.boot.test.web.client.TestRestTemplateContextCustomizer@42a42312], resourceBasePath = 'src/main/webapp', contextLoader = 'org.springframework.boot.test.context.SpringBootContextLoader', parent = [null]], attributes = map['org.springframework.test.context.web.ServletTestExecutionListener.activateListener' -> false]], class annotated with @DirtiesContext [false] with mode [null].
22:41:03.380 [Test worker] DEBUG org.springframework.test.annotation.ProfileValueUtils - Retrieved @ProfileValueSourceConfiguration [null] for test class [com.mindex.challenge.service.impl.CompensationServiceImplTest]
22:41:03.380 [Test worker] DEBUG org.springframework.test.annotation.ProfileValueUtils - Retrieved ProfileValueSource type [class org.springframework.test.annotation.SystemProfileValueSource] for class [com.mindex.challenge.service.impl.CompensationServiceImplTest]
22:41:03.384 [Test worker] DEBUG org.springframework.test.context.support.DependencyInjectionTestExecutionListener - Performing dependency injection for test context [[DefaultTestContext@10cc51a3 testClass = CompensationServiceImplTest, testInstance = com.mindex.challenge.service.impl.CompensationServiceImplTest@3eb10b47, testMethod = [null], testException = [null], mergedContextConfiguration = [WebMergedContextConfiguration@295b3829 testClass = CompensationServiceImplTest, locations = '{}', classes = '{class com.mindex.challenge.ChallengeApplication}', contextInitializerClasses = '[]', activeProfiles = '{}', propertySourceLocations = '{}', propertySourceProperties = '{org.springframework.boot.test.context.SpringBootTestContextBootstrapper=true, server.port=0}', contextCustomizers = set[org.springframework.boot.test.autoconfigure.properties.PropertyMappingContextCustomizer@0, org.springframework.boot.test.autoconfigure.web.servlet.WebDriverContextCustomizerFactory$Customizer@4d508843, org.springframework.boot.test.context.filter.ExcludeFilterContextCustomizer@79b760f, org.springframework.boot.test.json.DuplicateJsonObjectContextCustomizerFactory$DuplicateJsonObjectContextCustomizer@1da30099, org.springframework.boot.test.mock.mockito.MockitoContextCustomizer@0, org.springframework.boot.test.web.client.TestRestTemplateContextCustomizer@42a42312], resourceBasePath = 'src/main/webapp', contextLoader = 'org.springframework.boot.test.context.SpringBootContextLoader', parent = [null]], attributes = map['org.springframework.test.context.web.ServletTestExecutionListener.activateListener' -> false]]].
22:41:03.404 [Test worker] DEBUG org.springframework.test.context.support.TestPropertySourceUtils - Adding inlined properties to environment: {spring.jmx.enabled=false, org.springframework.boot.test.context.SpringBootTestContextBootstrapper=true, server.port=0}

  .   ____          _            __ _ _
 /\\ / ___'_ __ _ _(_)_ __  __ _ \ \ \ \
( ( )\___ | '_ | '_| | '_ \/ _` | \ \ \ \
 \\/  ___)| |_)| | | | | || (_| |  ) ) ) )
  '  |____| .__|_| |_|_| |_\__, | / / / /
 =========|_|==============|___/=/_/_/_/
 :: Spring Boot ::        (v2.2.0.RELEASE)

2021-12-08 22:41:03.785  INFO 20252 --- [    Test worker] c.m.c.s.i.CompensationServiceImplTest    : Starting CompensationServiceImplTest on MSI with PID 20252 (started by jacob in C:\Users\jacob\Desktop\mindex-java-code-challenge)
2021-12-08 22:41:03.786 DEBUG 20252 --- [    Test worker] c.m.c.s.i.CompensationServiceImplTest    : Running with Spring Boot v2.2.0.RELEASE, Spring v5.2.0.RELEASE
2021-12-08 22:41:03.786  INFO 20252 --- [    Test worker] c.m.c.s.i.CompensationServiceImplTest    : No active profile set, falling back to default profiles: default
2021-12-08 22:41:04.224  INFO 20252 --- [    Test worker] .s.d.r.c.RepositoryConfigurationDelegate : Bootstrapping Spring Data repositories in DEFAULT mode.
2021-12-08 22:41:04.273  INFO 20252 --- [    Test worker] .s.d.r.c.RepositoryConfigurationDelegate : Finished Spring Data repository scanning in 44ms. Found 2 repository interfaces.
2021-12-08 22:41:05.026  INFO 20252 --- [    Test worker] o.s.b.w.embedded.tomcat.TomcatWebServer  : Tomcat initialized with port(s): 0 (http)
2021-12-08 22:41:05.037  INFO 20252 --- [    Test worker] o.apache.catalina.core.StandardService   : Starting service [Tomcat]
2021-12-08 22:41:05.037  INFO 20252 --- [    Test worker] org.apache.catalina.core.StandardEngine  : Starting Servlet engine: [Apache Tomcat/9.0.27]
2021-12-08 22:41:05.145  INFO 20252 --- [    Test worker] o.a.c.c.C.[Tomcat].[localhost].[/]       : Initializing Spring embedded WebApplicationContext
2021-12-08 22:41:05.145  INFO 20252 --- [    Test worker] o.s.web.context.ContextLoader            : Root WebApplicationContext: initialization completed in 1327 ms
2021-12-08 22:41:05.827  INFO 20252 --- [    Test worker] de.bwaldvogel.mongo.MongoServer          : started MongoServer(port: 63963, ssl: false)
2021-12-08 22:41:05.897  INFO 20252 --- [    Test worker] org.mongodb.driver.cluster               : Cluster created with settings {hosts=[127.0.0.1:63963], mode=SINGLE, requiredClusterType=UNKNOWN, serverSelectionTimeout='30000 ms', maxWaitQueueSize=500}
2021-12-08 22:41:05.963  INFO 20252 --- [-server-worker1] d.b.mongo.wire.MongoWireProtocolHandler  : client [id: 0x4b4b44bc, L:/127.0.0.1:63963 - R:/127.0.0.1:63964] connected
2021-12-08 22:41:06.035  INFO 20252 --- [127.0.0.1:63963] org.mongodb.driver.connection            : Opened connection [connectionId{localValue:1}] to 127.0.0.1:63963
2021-12-08 22:41:06.039  INFO 20252 --- [127.0.0.1:63963] org.mongodb.driver.cluster               : Monitor thread successfully connected to server with description ServerDescription{address=127.0.0.1:63963, type=STANDALONE, state=CONNECTED, ok=true, version=ServerVersion{versionList=[3, 0, 0]}, minWireVersion=0, maxWireVersion=2, maxDocumentSize=16777216, logicalSessionTimeoutMinutes=null, roundTripTimeNanos=1474200}
2021-12-08 22:41:06.047  WARN 20252 --- [    Test worker] o.s.data.convert.CustomConversions       : Registering converter from class java.time.LocalDateTime to class java.time.Instant as reading converter although it doesn't convert from a store-supported type! You might wanna check you annotation setup at the converter implementation.
2021-12-08 22:41:06.048  WARN 20252 --- [    Test worker] o.s.data.convert.CustomConversions       : Registering converter from class java.time.Instant to class java.time.LocalDateTime as reading converter although it doesn't convert from a store-supported type! You might wanna check you annotation setup at the converter implementation.
2021-12-08 22:41:06.053  WARN 20252 --- [    Test worker] o.s.data.convert.CustomConversions       : Registering converter from class java.time.LocalDateTime to class java.time.Instant as reading converter although it doesn't convert from a store-supported type! You might wanna check you annotation setup at the converter implementation.
2021-12-08 22:41:06.053  WARN 20252 --- [    Test worker] o.s.data.convert.CustomConversions       : Registering converter from class java.time.Instant to class java.time.LocalDateTime as reading converter although it doesn't convert from a store-supported type! You might wanna check you annotation setup at the converter implementation.
2021-12-08 22:41:06.448  INFO 20252 --- [-server-worker2] d.b.mongo.wire.MongoWireProtocolHandler  : client [id: 0x72bdd6d4, L:/127.0.0.1:63963 - R:/127.0.0.1:63965] connected
2021-12-08 22:41:06.453  INFO 20252 --- [    Test worker] org.mongodb.driver.connection            : Opened connection [connectionId{localValue:2}] to 127.0.0.1:63963
2021-12-08 22:41:06.473  INFO 20252 --- [-server-worker2] d.b.mongo.backend.AbstractMongoBackend   : created database test
2021-12-08 22:41:06.481  INFO 20252 --- [-server-worker2] d.b.mongo.backend.AbstractMongoDatabase  : adding unique _id index for collection employee
2021-12-08 22:41:06.483  INFO 20252 --- [-server-worker2] d.b.mongo.backend.AbstractMongoDatabase  : created collection test.employee
2021-12-08 22:41:06.733  INFO 20252 --- [    Test worker] o.s.s.concurrent.ThreadPoolTaskExecutor  : Initializing ExecutorService 'applicationTaskExecutor'
2021-12-08 22:41:06.925  WARN 20252 --- [    Test worker] o.s.data.convert.CustomConversions       : Registering converter from class java.time.LocalDateTime to class java.time.Instant as reading converter although it doesn't convert from a store-supported type! You might wanna check you annotation setup at the converter implementation.
2021-12-08 22:41:06.926  WARN 20252 --- [    Test worker] o.s.data.convert.CustomConversions       : Registering converter from class java.time.Instant to class java.time.LocalDateTime as reading converter although it doesn't convert from a store-supported type! You might wanna check you annotation setup at the converter implementation.
2021-12-08 22:41:06.947  WARN 20252 --- [    Test worker] o.s.data.convert.CustomConversions       : Registering converter from class java.time.LocalDateTime to class java.time.Instant as reading converter although it doesn't convert from a store-supported type! You might wanna check you annotation setup at the converter implementation.
2021-12-08 22:41:06.947  WARN 20252 --- [    Test worker] o.s.data.convert.CustomConversions       : Registering converter from class java.time.Instant to class java.time.LocalDateTime as reading converter although it doesn't convert from a store-supported type! You might wanna check you annotation setup at the converter implementation.
2021-12-08 22:41:07.039  INFO 20252 --- [    Test worker] o.s.b.w.embedded.tomcat.TomcatWebServer  : Tomcat started on port(s): 63966 (http) with context path ''
2021-12-08 22:41:07.041  INFO 20252 --- [    Test worker] c.m.c.s.i.CompensationServiceImplTest    : Started CompensationServiceImplTest in 3.634 seconds (JVM running for 4.938)
2021-12-08 22:41:07.482  INFO 20252 --- [o-auto-1-exec-1] o.a.c.c.C.[Tomcat].[localhost].[/]       : Initializing Spring DispatcherServlet 'dispatcherServlet'
2021-12-08 22:41:07.482  INFO 20252 --- [o-auto-1-exec-1] o.s.web.servlet.DispatcherServlet        : Initializing Servlet 'dispatcherServlet'
2021-12-08 22:41:07.501  INFO 20252 --- [o-auto-1-exec-1] o.s.web.servlet.DispatcherServlet        : Completed initialization in 19 ms
2021-12-08 22:41:07.541 DEBUG 20252 --- [o-auto-1-exec-1] c.m.c.controller.EmployeeController      : Received employee create request for [com.mindex.challenge.data.Employee@19a77ed9]
2021-12-08 22:41:07.541 DEBUG 20252 --- [o-auto-1-exec-1] c.m.c.service.impl.EmployeeServiceImpl   : Creating employee [com.mindex.challenge.data.Employee@19a77ed9]
2021-12-08 22:41:07.581 DEBUG 20252 --- [o-auto-1-exec-2] c.m.c.controller.CompensationController  : Received compensation create request for [com.mindex.challenge.data.Compensation@7e194d14]
2021-12-08 22:41:07.582 DEBUG 20252 --- [o-auto-1-exec-2] c.m.c.s.impl.CompensationServiceImpl     : Creating compensation for [com.mindex.challenge.data.Compensation@7e194d14]
2021-12-08 22:41:07.589  INFO 20252 --- [-server-worker2] d.b.mongo.backend.AbstractMongoDatabase  : adding unique _id index for collection compensation
2021-12-08 22:41:07.589  INFO 20252 --- [-server-worker2] d.b.mongo.backend.AbstractMongoDatabase  : created collection test.compensation
2021-12-08 22:41:07.595 DEBUG 20252 --- [o-auto-1-exec-3] c.m.c.controller.CompensationController  : Received compensation create request for id [a9476f87-d5da-4c90-90df-0460dc190684]
2021-12-08 22:41:07.595 DEBUG 20252 --- [o-auto-1-exec-3] c.m.c.s.impl.CompensationServiceImpl     : Creating compensation for employee with id [a9476f87-d5da-4c90-90df-0460dc190684]
]]></system-out>
  <system-err><![CDATA[]]></system-err>
</testsuite>
